#
# A fatal error has been detected by the Java Runtime Environment:
#
#  Internal Error (os_windows_x86.cpp:114), pid=1924, tid=7036
#  Error: guarantee(result == -1,"Unexpected result from topLevelExceptionFilter")
#
# JRE version: 6.0_17-b04
# Java VM: Java HotSpot(TM) 64-Bit Server VM (14.3-b01 mixed mode windows-amd64 )
# If you would like to submit a bug report, please visit:
#   http://java.sun.com/webapps/bugreport/crash.jsp
# The crash happened outside the Java Virtual Machine in native code.
# See problematic frame for where to report the bug.
#

---------------  T H R E A D  ---------------

Current thread (0x0000000002442800):  JavaThread "main" [_thread_in_native, id=7036, stack(0x0000000000100000,0x0000000001600000)]

Stack: [0x0000000000100000,0x0000000001600000]
[error occurred during error reporting (printing stack bounds), id 0xc0000005]

Java frames: (J=compiled Java code, j=interpreted, Vv=VM code)
j  com.mathworks.jmi.NativeMatlab.ProcessPendingEvents()Z+0
j  com.mathworks.jmi.NativeMatlab.processPendingEvents()Z+8
j  com.mathworks.jmi.Matlab$ProcessPendingEvents.callBooleanMethod(Ljava/lang/Object;)Z+0
j  com.mathworks.util.FactoryUtils.processPendingEvents()Z+12
j  com.mathworks.widgets.desk.Desktop.canClose()Z+38
j  com.mathworks.mde.desk.MLDesktop.canClose()Z+113
j  com.mathworks.mde.desk.MLDesktop$2.call()Ljava/lang/Boolean;+4
j  com.mathworks.mde.desk.MLDesktop$2.call()Ljava/lang/Object;+1
j  com.mathworks.jmi.Matlab.isOkToExit()Z+54
v  ~StubRoutines::call_stub
j  com.mathworks.jmi.NativeMatlab.SendMatlabMessage(Ljava/lang/Object;)Ljava/lang/Object;+0
j  com.mathworks.jmi.NativeMatlab.sendMatlabMessage(Ljava/lang/Object;)Ljava/lang/Object;+22
j  com.mathworks.jmi.MatlabLooper.sendMatlabMessage(Lcom/mathworks/services/message/MWMessage;)Ljava/lang/Object;+20
j  com.mathworks.jmi.Matlab.mtFevalConsoleOutput(Ljava/lang/String;[Ljava/lang/Object;I)Ljava/lang/Object;+58
j  com.mathworks.mde.desk.MLDesktop$8.run()V+14
j  com.mathworks.jmi.NativeMatlab.dispatchMTRequests(Z)V+50
v  ~StubRoutines::call_stub

---------------  P R O C E S S  ---------------

Java Threads: ( => current thread )
  0x0000000043e88000 JavaThread "RequestQueue for GenericFileList" [_thread_blocked, id=6852, stack(0x0000000012990000,0x0000000012a10000)]
  0x0000000043e86000 JavaThread "Code Analyzer updating thread" [_thread_blocked, id=3408, stack(0x000000004cb30000,0x000000004cbb0000)]
  0x0000000043e85000 JavaThread "Code Analyzer updating thread" [_thread_blocked, id=920, stack(0x000000004c910000,0x000000004c990000)]
  0x0000000043e84800 JavaThread "Code Analyzer updating thread" [_thread_blocked, id=5260, stack(0x000000004c880000,0x000000004c900000)]
  0x0000000043e83800 JavaThread "Code Analyzer updating thread" [_thread_blocked, id=6000, stack(0x0000000041d00000,0x0000000041d80000)]
  0x0000000043e83000 JavaThread "Code Analyzer updating thread" [_thread_blocked, id=392, stack(0x0000000047000000,0x0000000047080000)]
  0x0000000043e82000 JavaThread "Code Analyzer updating thread" [_thread_blocked, id=7740, stack(0x000000004c780000,0x000000004c800000)]
  0x000000003d756800 JavaThread "Code Analyzer updating thread" [_thread_blocked, id=6276, stack(0x0000000031cb0000,0x0000000031d30000)]
  0x000000003d755800 JavaThread "Active Reference Queue Daemon" daemon [_thread_blocked, id=2136, stack(0x000000004b180000,0x000000004b200000)]
  0x000000003d754000 JavaThread "Timer-5" daemon [_thread_blocked, id=6988, stack(0x00000000470a0000,0x0000000047120000)]
  0x000000003d755000 JavaThread "Timer-4" daemon [_thread_blocked, id=5876, stack(0x0000000041c40000,0x0000000041cc0000)]
  0x000000003d752000 JavaThread "Prefs Updater" daemon [_thread_blocked, id=6156, stack(0x0000000034890000,0x0000000034910000)]
  0x000000003d74f000 JavaThread "Timer-1" [_thread_blocked, id=8020, stack(0x00000000406b0000,0x0000000040730000)]
  0x000000003d751800 JavaThread "FelixPackageAdmin" daemon [_thread_blocked, id=6748, stack(0x000000002efc0000,0x000000002f040000)]
  0x000000003d750800 JavaThread "FelixStartLevel" daemon [_thread_blocked, id=6404, stack(0x000000003b710000,0x000000003b790000)]
  0x000000003d750000 JavaThread "FelixDispatchQueue" daemon [_thread_blocked, id=2436, stack(0x000000003a170000,0x000000003a1f0000)]
  0x000000003d74e800 JavaThread "TimerQueue" daemon [_thread_blocked, id=5672, stack(0x00000000374f0000,0x0000000037570000)]
  0x000000003d74d800 JavaThread "AWT-EventQueue-0" [_thread_blocked, id=3800, stack(0x0000000030710000,0x0000000030790000)]
  0x000000003d74d000 JavaThread "com.google.common.base.internal.Finalizer" daemon [_thread_blocked, id=2908, stack(0x000000002f090000,0x000000002f110000)]
  0x000000003d74b800 JavaThread "AWT-Windows" daemon [_thread_in_native, id=4112, stack(0x000000002ae50000,0x000000002aed0000)]
  0x000000003d74b000 JavaThread "AWT-Shutdown" [_thread_blocked, id=5164, stack(0x0000000030610000,0x0000000030690000)]
  0x000000003d74a000 JavaThread "Java2D Disposer" daemon [_thread_blocked, id=288, stack(0x000000002d9c0000,0x000000002da40000)]
  0x000000003d749800 JavaThread "Timer-0" [_thread_blocked, id=3048, stack(0x000000000ff30000,0x000000000ffb0000)]
  0x000000003d748800 JavaThread "JMI Unnamed Thread" [_thread_in_native, id=7044, stack(0x0000000009f90000,0x000000000b490000)]
  0x000000003d748000 JavaThread "Low Memory Detector" daemon [_thread_blocked, id=396, stack(0x000000000fc30000,0x000000000fcb0000)]
  0x000000003d760800 JavaThread "CompilerThread1" daemon [_thread_blocked, id=7728, stack(0x0000000040740000,0x0000000041c40000)]
  0x000000000f92f000 JavaThread "CompilerThread0" daemon [_thread_blocked, id=6472, stack(0x000000003f170000,0x0000000040670000)]
  0x000000003d747000 JavaThread "Attach Listener" daemon [_thread_blocked, id=7336, stack(0x000000000fe90000,0x000000000ff10000)]
  0x000000000f918800 JavaThread "Finalizer" daemon [_thread_blocked, id=6128, stack(0x000000000fe10000,0x000000000fe90000)]
  0x000000003d704000 JavaThread "Reference Handler" daemon [_thread_blocked, id=4636, stack(0x000000000cb50000,0x000000000cbd0000)]
=>0x0000000002442800 JavaThread "main" [_thread_in_native, id=7036, stack(0x0000000000100000,0x0000000001600000)]

Other Threads:
  0x000000003d700800 VMThread [stack: 0x000000003dac0000,0x000000003efc0000] [id=7620]
  0x000000003d78d000 WatcherThread [stack: 0x0000000041df0000,0x00000000432f0000] [id=5544]

VM state:not at safepoint (normal execution)

VM Mutex/Monitor currently owned by a thread: None

Heap
 PSYoungGen      total 16064K, used 10056K [0x0000000027d40000, 0x00000000290f0000, 0x000000002ae40000)
  eden space 13888K, 60% used [0x0000000027d40000,0x0000000028581260,0x0000000028ad0000)
  from space 2176K, 73% used [0x0000000028ad0000,0x0000000028c61048,0x0000000028cf0000)
  to   space 2240K, 0% used [0x0000000028ec0000,0x0000000028ec0000,0x00000000290f0000)
 PSOldGen        total 109888K, used 100420K [0x000000001ea40000, 0x0000000025590000, 0x0000000027d40000)
  object space 109888K, 91% used [0x000000001ea40000,0x0000000024c510b8,0x0000000025590000)
 PSPermGen       total 102976K, used 54417K [0x0000000016a40000, 0x000000001ced0000, 0x000000001ea40000)
  object space 102976K, 52% used [0x0000000016a40000,0x0000000019f644f0,0x000000001ced0000)

Dynamic libraries:
0x000000013f270000 - 0x000000013f299000 	C:\Program Files\MATLAB\R2011a\bin\win64\MATLAB.exe
0x0000000077340000 - 0x00000000774e9000 	C:\Windows\SYSTEM32\ntdll.dll
0x0000000076eb0000 - 0x0000000076fcf000 	C:\Windows\system32\kernel32.dll
0x000007fefda40000 - 0x000007fefdaac000 	C:\Windows\system32\KERNELBASE.dll
0x0000000074460000 - 0x0000000074569000 	C:\Program Files\MATLAB\R2011a\bin\win64\libut.dll
0x00000000758a0000 - 0x0000000075920000 	C:\Program Files\MATLAB\R2011a\bin\win64\libmwi18n.dll
0x0000000180000000 - 0x000000018000b000 	C:\Program Files\MATLAB\R2011a\bin\win64\libmwresource_core.dll
0x0000000073f70000 - 0x0000000074043000 	C:\Windows\WinSxS\amd64_microsoft.vc90.crt_1fc8b3b9a1e18e3b_9.0.30729.6161_none_08e61857a83bc251\MSVCP90.dll
0x0000000073ec0000 - 0x0000000073f63000 	C:\Windows\WinSxS\amd64_microsoft.vc90.crt_1fc8b3b9a1e18e3b_9.0.30729.6161_none_08e61857a83bc251\MSVCR90.dll
0x000000007a3b0000 - 0x000000007a3c0000 	C:\Program Files\MATLAB\R2011a\bin\win64\boost_date_time-vc90-mt-1_40.dll
0x000000007a170000 - 0x000000007a189000 	C:\Program Files\MATLAB\R2011a\bin\win64\boost_filesystem-vc90-mt-1_40.dll
0x000000007a560000 - 0x000000007a569000 	C:\Program Files\MATLAB\R2011a\bin\win64\boost_system-vc90-mt-1_40.dll
0x000000007a2d0000 - 0x000000007a2e2000 	C:\Program Files\MATLAB\R2011a\bin\win64\boost_thread-vc90-mt-1_40.dll
0x000000007a010000 - 0x000000007a035000 	C:\Program Files\MATLAB\R2011a\bin\win64\LIBEXPAT.dll
0x00000000739d0000 - 0x0000000073b8c000 	C:\Program Files\MATLAB\R2011a\bin\win64\icuin42.dll
0x00000000740b0000 - 0x0000000074223000 	C:\Program Files\MATLAB\R2011a\bin\win64\icuuc42.dll
0x000007fefddc0000 - 0x000007fefde9b000 	C:\Windows\system32\ADVAPI32.dll
0x000007feff4a0000 - 0x000007feff53f000 	C:\Windows\system32\msvcrt.dll
0x000007fefe2a0000 - 0x000007fefe2bf000 	C:\Windows\SYSTEM32\sechost.dll
0x000007fefdbc0000 - 0x000007fefdced000 	C:\Windows\system32\RPCRT4.dll
0x0000000010000000 - 0x0000000010f47000 	C:\Program Files\MATLAB\R2011a\bin\win64\icudt42.dll
0x0000000001760000 - 0x000000000186d000 	C:\Program Files\MATLAB\R2011a\bin\win64\libmwfl.dll
0x0000000001880000 - 0x0000000001913000 	C:\Program Files\MATLAB\R2011a\bin\win64\libmwMATLAB_res.dll
0x000000007a250000 - 0x000000007a263000 	C:\Program Files\MATLAB\R2011a\bin\win64\boost_signals-vc90-mt-1_40.dll
0x0000000001940000 - 0x0000000001986000 	C:\Program Files\MATLAB\R2011a\bin\win64\tbb.dll
0x000007fefe080000 - 0x000007fefe099000 	C:\Windows\system32\imagehlp.dll
0x0000000077500000 - 0x0000000077507000 	C:\Windows\system32\PSAPI.DLL
0x000000007a3d0000 - 0x000000007a3e3000 	C:\Program Files\MATLAB\R2011a\bin\win64\icuio42.dll
0x000007feee010000 - 0x000007feee135000 	C:\Windows\system32\dbghelp.dll
0x0000000076c60000 - 0x0000000076d5a000 	C:\Windows\system32\USER32.dll
0x000007fefe230000 - 0x000007fefe297000 	C:\Windows\system32\GDI32.dll
0x000007fefe0a0000 - 0x000007fefe0ae000 	C:\Windows\system32\LPK.dll
0x000007fefdcf0000 - 0x000007fefddb9000 	C:\Windows\system32\USP10.dll
0x000000007bed0000 - 0x000000007c0f5000 	C:\Program Files\MATLAB\R2011a\bin\win64\libmwservices.dll
0x0000000075a20000 - 0x0000000075ab2000 	C:\Program Files\MATLAB\R2011a\bin\win64\libmx.dll
0x000000007a210000 - 0x000000007a226000 	C:\Program Files\MATLAB\R2011a\bin\win64\zlib1.dll
0x0000000074330000 - 0x000000007444b000 	C:\Program Files\MATLAB\R2011a\bin\win64\libmwmathutil.dll
0x0000000072c40000 - 0x0000000072c94000 	C:\Program Files\MATLAB\R2011a\bin\win64\mpath.dll
0x000000007b680000 - 0x000000007b982000 	C:\Program Files\MATLAB\R2011a\bin\win64\mlutil.dll
0x000000006f080000 - 0x000000006f102000 	C:\Program Files\MATLAB\R2011a\bin\win64\xmlcore.dll
0x000000007bc30000 - 0x000000007be83000 	C:\Program Files\MATLAB\R2011a\bin\win64\xerces-c_2_7.dll
0x000007fefdb70000 - 0x000007fefdbbd000 	C:\Windows\system32\WS2_32.dll
0x000007feff150000 - 0x000007feff158000 	C:\Windows\system32\NSI.dll
0x000007fefe2c0000 - 0x000007feff048000 	C:\Windows\system32\SHELL32.dll
0x000007feff050000 - 0x000007feff0c1000 	C:\Windows\system32\SHLWAPI.dll
0x000007fef9260000 - 0x000007fef9300000 	C:\Windows\WinSxS\amd64_microsoft.windows.common-controls_6595b64144ccf1df_5.82.7601.17514_none_a4d6a923711520a9\COMCTL32.dll
0x000007fefe0b0000 - 0x000007fefe147000 	C:\Windows\system32\COMDLG32.dll
0x000007fefa490000 - 0x000007fefa4a6000 	C:\Windows\system32\NETAPI32.dll
0x000007fefa480000 - 0x000007fefa48c000 	C:\Windows\system32\netutils.dll
0x000007fefd3d0000 - 0x000007fefd3f3000 	C:\Windows\system32\srvcli.dll
0x000007fefa460000 - 0x000007fefa475000 	C:\Windows\system32\wkscli.dll
0x000007feff230000 - 0x000007feff433000 	C:\Windows\system32\ole32.dll
0x000007fefe150000 - 0x000007fefe227000 	C:\Windows\system32\OLEAUT32.dll
0x0000000074970000 - 0x0000000074a34000 	C:\Program Files\MATLAB\R2011a\bin\win64\mcr.dll
0x0000000075000000 - 0x00000000750e4000 	C:\Program Files\MATLAB\R2011a\bin\win64\iqm.dll
0x00000000683c0000 - 0x0000000068b5c000 	C:\Program Files\MATLAB\R2011a\bin\win64\m_interpreter.dll
0x0000000073be0000 - 0x0000000073bef000 	C:\Program Files\MATLAB\R2011a\bin\win64\libmex.dll
0x000000006efd0000 - 0x000000006f074000 	C:\Program Files\MATLAB\R2011a\bin\win64\m_dispatcher.dll
0x0000000074880000 - 0x0000000074945000 	C:\Program Files\MATLAB\R2011a\bin\win64\boost_regex-vc90-mt-1_40.dll
0x0000000070020000 - 0x000000007009f000 	C:\Program Files\MATLAB\R2011a\bin\win64\profiler.dll
0x0000000079f40000 - 0x0000000079f6c000 	C:\Program Files\MATLAB\R2011a\bin\win64\libmwmathrng.dll
0x0000000072df0000 - 0x0000000072e10000 	C:\Program Files\MATLAB\R2011a\bin\win64\m_pcodeio.dll
0x0000000079b10000 - 0x0000000079b71000 	C:\Program Files\MATLAB\R2011a\bin\win64\m_ir.dll
0x0000000068cc0000 - 0x00000000692fb000 	C:\Program Files\MATLAB\R2011a\bin\win64\m_parser.dll
0x0000000072dd0000 - 0x0000000072de9000 	C:\Program Files\MATLAB\R2011a\bin\win64\ir_xfmr.dll
0x000000006c0d0000 - 0x000000006c31b000 	C:\Program Files\MATLAB\R2011a\bin\win64\mcos.dll
0x0000000073e90000 - 0x0000000073e9c000 	C:\Program Files\MATLAB\R2011a\bin\win64\mtok.dll
0x000000006efa0000 - 0x000000006efcb000 	C:\Program Files\MATLAB\R2011a\bin\win64\m_pcodegen.dll
0x0000000076160000 - 0x00000000761c2000 	C:\Program Files\MATLAB\R2011a\bin\win64\libmwspmatrix.dll
0x0000000079fb0000 - 0x0000000079fde000 	C:\Program Files\MATLAB\R2011a\bin\win64\libmwbridge.dll
0x000000006eee0000 - 0x000000006ef99000 	C:\Program Files\MATLAB\R2011a\bin\win64\udd.dll
0x000000006d010000 - 0x000000006d151000 	C:\Program Files\MATLAB\R2011a\bin\win64\libmwgui.dll
0x0000000072db0000 - 0x0000000072dc7000 	C:\Program Files\MATLAB\R2011a\bin\win64\graphics_util.dll
0x000000005eb90000 - 0x000000005f410000 	C:\Program Files\MATLAB\R2011a\bin\win64\hg.dll
0x0000000076100000 - 0x000000007614f000 	C:\Program Files\MATLAB\R2011a\bin\win64\libmat.dll
0x0000000001b80000 - 0x0000000001d83000 	C:\Program Files\MATLAB\R2011a\bin\win64\libhdf5.dll
0x000000006dda0000 - 0x000000006de1b000 	C:\Program Files\MATLAB\R2011a\bin\win64\jmi.dll
0x0000000001db0000 - 0x0000000001dbe000 	C:\Program Files\MATLAB\R2011a\bin\win64\nativejava_services.dll
0x000000006eea0000 - 0x000000006eedc000 	C:\Program Files\MATLAB\R2011a\bin\win64\libmwhardcopy.dll
0x000000006de70000 - 0x000000006dec8000 	C:\Program Files\MATLAB\R2011a\bin\win64\libuij.dll
0x00000000681d0000 - 0x00000000683b3000 	C:\Program Files\MATLAB\R2011a\bin\win64\hgdatatypes.dll
0x000000006cf50000 - 0x000000006d00c000 	C:\Program Files\MATLAB\R2011a\bin\win64\hgutils.dll
0x000000006c050000 - 0x000000006c0cc000 	C:\Program Files\MATLAB\R2011a\bin\win64\libmwlapack.dll
0x0000000072c20000 - 0x0000000072c32000 	C:\Program Files\MATLAB\R2011a\bin\win64\libmwbinder.dll
0x00000000730a0000 - 0x00000000730ab000 	C:\Program Files\MATLAB\R2011a\bin\win64\libmwompwrapper.dll
0x0000000001e40000 - 0x0000000002104000 	C:\Program Files\MATLAB\R2011a\bin\win64\uiw.dll
0x0000000073bb0000 - 0x0000000073bba000 	C:\Program Files\MATLAB\R2011a\bin\win64\uinone.dll
0x0000000066750000 - 0x0000000066c34000 	C:\Windows\WinSxS\amd64_microsoft.vc90.mfc_1fc8b3b9a1e18e3b_9.0.30729.6161_none_044aad0bab1eb146\mfc90.dll
0x000007fef9600000 - 0x000007fef9607000 	C:\Windows\system32\MSIMG32.dll
0x000007fef9580000 - 0x000007fef95f1000 	C:\Windows\system32\WINSPOOL.DRV
0x000000006b0a0000 - 0x000000006b149000 	C:\Program Files\MATLAB\R2011a\bin\win64\udd_mi.dll
0x000000006de50000 - 0x000000006de6b000 	C:\Program Files\MATLAB\R2011a\bin\win64\mwoles05.DLL
0x000000006cb20000 - 0x000000006cb8e000 	C:\Program Files\MATLAB\R2011a\bin\win64\comcli.dll
0x000000006cf20000 - 0x000000006cf4f000 	C:\Windows\WinSxS\amd64_microsoft.vc90.atl_1fc8b3b9a1e18e3b_9.0.30729.6161_none_0a1fd3a3a768b895\ATL90.DLL
0x0000000070010000 - 0x000000007001c000 	C:\Program Files\MATLAB\R2011a\bin\win64\mlautoregister.dll
0x0000000002170000 - 0x000000000217d000 	C:\Program Files\MATLAB\R2011a\bin\win64\boost_iostreams-vc90-mt-1_40.dll
0x000007feff200000 - 0x000007feff22e000 	C:\Windows\system32\IMM32.DLL
0x000007feff540000 - 0x000007feff649000 	C:\Windows\system32\MSCTF.dll
0x000007fefbba0000 - 0x000007fefbbf6000 	C:\Windows\system32\UxTheme.dll
0x000007fefb7c0000 - 0x000007fefb7d8000 	C:\Windows\system32\dwmapi.dll
0x000000006f180000 - 0x000000006f18d000 	C:\Windows\WinSxS\amd64_microsoft.vc90.mfcloc_1fc8b3b9a1e18e3b_9.0.30729.6161_none_01c9581e60cbee58\MFC90ENU.DLL
0x000007fefd7a0000 - 0x000007fefd7af000 	C:\Windows\system32\profapi.dll
0x000007fefd6d0000 - 0x000007fefd6df000 	C:\Windows\system32\CRYPTBASE.dll
0x000007fef43f0000 - 0x000007fef446f000 	C:\Program Files\Common Files\microsoft shared\ink\tiptsf.dll
0x000007fefc890000 - 0x000007fefc89c000 	C:\Windows\system32\version.dll
0x000007fefbc80000 - 0x000007fefbe74000 	C:\Windows\WinSxS\amd64_microsoft.windows.common-controls_6595b64144ccf1df_6.0.7601.17514_none_fa396087175ac9ac\comctl32.dll
0x000007fefdea0000 - 0x000007fefe077000 	C:\Windows\system32\SETUPAPI.dll
0x000007fefd850000 - 0x000007fefd886000 	C:\Windows\system32\CFGMGR32.dll
0x000007fefdb50000 - 0x000007fefdb6a000 	C:\Windows\system32\DEVOBJ.dll
0x000007feff160000 - 0x000007feff1f9000 	C:\Windows\system32\CLBCatQ.DLL
0x000007fefbe80000 - 0x000007fefbfac000 	C:\Windows\system32\propsys.dll
0x000007fefc480000 - 0x000007fefc4ad000 	C:\Windows\system32\ntmarta.dll
0x000007feff440000 - 0x000007feff492000 	C:\Windows\system32\WLDAP32.dll
0x0000000002500000 - 0x0000000002529000 	C:\Program Files\MATLAB\R2011a\bin\win64\tbbmalloc.dll
0x000007fefb0b0000 - 0x000007fefb0d7000 	C:\Windows\system32\iphlpapi.dll
0x000007fefb090000 - 0x000007fefb09b000 	C:\Windows\system32\WINNSI.DLL
0x000007fefce90000 - 0x000007fefceeb000 	C:\Windows\system32\DNSAPI.dll
0x000007fefa650000 - 0x000007fefa661000 	C:\Windows\system32\dhcpcsvc6.DLL
0x000007fefa5d0000 - 0x000007fefa5e8000 	C:\Windows\system32\dhcpcsvc.DLL
0x000000006de40000 - 0x000000006de43000 	C:\Windows\system32\icmp.Dll
0x0000000078870000 - 0x0000000078ecd000 	C:\Program Files\MATLAB\R2011a\sys\java\jre\win64\jre\bin\server\jvm.dll
0x000007fefb5a0000 - 0x000007fefb5db000 	C:\Windows\system32\WINMM.dll
0x000000007a440000 - 0x000000007a44e000 	C:\Program Files\MATLAB\R2011a\sys\java\jre\win64\jre\bin\verify.dll
0x000000007a070000 - 0x000000007a097000 	C:\Program Files\MATLAB\R2011a\sys\java\jre\win64\jre\bin\java.dll
0x000000007a540000 - 0x000000007a54a000 	C:\Program Files\MATLAB\R2011a\sys\java\jre\win64\jre\bin\hpi.dll
0x000000007a370000 - 0x000000007a382000 	C:\Program Files\MATLAB\R2011a\sys\java\jre\win64\jre\bin\zip.dll
0x000007fef9300000 - 0x000007fef9354000 	C:\Windows\system32\oleacc.dll
0x0000000075b90000 - 0x0000000075bfb000 	C:\Program Files\MATLAB\R2011a\sys\java\jre\win64\jre\bin\fontmanager.dll

VM Arguments:
jvm_args: -Xss512k -XX:PermSize=32m -Xms64m -XX:NewRatio=3 -XX:MaxPermSize=128m -Xmx196m -XX:MaxDirectMemorySize=2147400000 -Dsun.java2d.noddraw=true -Dsun.awt.nopixfmt=true -Xshare:off -Xrs -Dsun.awt.disableMixing=true -Djava.library.path=C:\Program Files\MATLAB\R2011a\bin\win64 vfprintf abort 
java_command: <unknown>
Launcher Type: generic

Environment Variables:
PATH=C:\Program Files\Common Files\Microsoft Shared\Windows Live;C:\Program Files (x86)\Common Files\Microsoft Shared\Windows Live;C:\Program Files (x86)\RSA SecurID Token Common;C:\Windows\system32;C:\Windows;C:\Windows\System32\Wbem;C:\Windows\System32\WindowsPowerShell\v1.0\;C:\Program Files\MATLAB\R2011a\runtime\win64;C:\Program Files\MATLAB\R2011a\bin;C:\Program Files (x86)\Autodesk\Backburner\;C:\Program Files\Common Files\Autodesk Shared\;C:\Program Files (x86)\Windows Live\Shared
USERNAME=View192
OS=Windows_NT
PROCESSOR_IDENTIFIER=Intel64 Family 6 Model 44 Stepping 2, GenuineIntel



---------------  S Y S T E M  ---------------

OS: Windows 7 Build 7601 Service Pack 1

CPU:total 16 (16 cores per cpu, 2 threads per core) family 6 model 44 stepping 2, cmov, cx8, fxsr, mmx, sse, sse2, sse3, ssse3, sse4.1, sse4.2, ht

Memory: 4k page, physical 201317472k(192173984k free), swap 402633092k(390116248k free)

vm_info: Java HotSpot(TM) 64-Bit Server VM (14.3-b01) for windows-amd64 JRE (1.6.0_17-b04), built on Oct 11 2009 00:46:08 by "java_re" with MS VC++ 8.0

time: Wed Aug 15 17:37:45 2012
elapsed time: 31009 seconds

