#
# A fatal error has been detected by the Java Runtime Environment:
#
#  Internal Error (os_windows_x86.cpp:114), pid=9480, tid=7924
#  Error: guarantee(result == -1,"Unexpected result from topLevelExceptionFilter")
#
# JRE version: 6.0_17-b04
# Java VM: Java HotSpot(TM) 64-Bit Server VM (14.3-b01 mixed mode windows-amd64 )
# If you would like to submit a bug report, please visit:
#   http://java.sun.com/webapps/bugreport/crash.jsp
# The crash happened outside the Java Virtual Machine in native code.
# See problematic frame for where to report the bug.
#

---------------  T H R E A D  ---------------

Current thread (0x00000000021df800):  JavaThread "main" [_thread_in_native, id=7924, stack(0x0000000000090000,0x0000000001590000)]

Stack: [0x0000000000090000,0x0000000001590000]
[error occurred during error reporting (printing stack bounds), id 0xc0000005]

Java frames: (J=compiled Java code, j=interpreted, Vv=VM code)
j  com.mathworks.jmi.NativeMatlab.ProcessPendingEvents()Z+0
j  com.mathworks.jmi.NativeMatlab.processPendingEvents()Z+8
j  com.mathworks.jmi.Matlab$ProcessPendingEvents.callBooleanMethod(Ljava/lang/Object;)Z+0
j  com.mathworks.util.FactoryUtils.processPendingEvents()Z+12
j  com.mathworks.widgets.desk.Desktop.canClose()Z+38
j  com.mathworks.mde.desk.MLDesktop.canClose()Z+113
j  com.mathworks.mde.desk.MLDesktop$2.call()Ljava/lang/Boolean;+4
j  com.mathworks.mde.desk.MLDesktop$2.call()Ljava/lang/Object;+1
j  com.mathworks.jmi.Matlab.isOkToExit()Z+54
v  ~StubRoutines::call_stub
j  com.mathworks.jmi.NativeMatlab.SendMatlabMessage(Ljava/lang/Object;)Ljava/lang/Object;+0
j  com.mathworks.jmi.NativeMatlab.sendMatlabMessage(Ljava/lang/Object;)Ljava/lang/Object;+22
j  com.mathworks.jmi.MatlabLooper.sendMatlabMessage(Lcom/mathworks/services/message/MWMessage;)Ljava/lang/Object;+20
j  com.mathworks.jmi.Matlab.mtFevalConsoleOutput(Ljava/lang/String;[Ljava/lang/Object;I)Ljava/lang/Object;+58
j  com.mathworks.mde.desk.MLDesktop$8.run()V+14
j  com.mathworks.jmi.NativeMatlab.dispatchMTRequests(Z)V+50
v  ~StubRoutines::call_stub

---------------  P R O C E S S  ---------------

Java Threads: ( => current thread )
  0x00000000355e8000 JavaThread "Code Analyzer updating thread" [_thread_blocked, id=7836, stack(0x000000003e690000,0x000000003e710000)]
  0x0000000036140800 JavaThread "Code Analyzer updating thread" [_thread_blocked, id=10156, stack(0x000000003e550000,0x000000003e5d0000)]
  0x000000003613f800 JavaThread "Code Analyzer updating thread" [_thread_blocked, id=5060, stack(0x000000003e850000,0x000000003e8d0000)]
  0x000000003613f000 JavaThread "Code Analyzer updating thread" [_thread_blocked, id=10164, stack(0x000000003e7c0000,0x000000003e840000)]
  0x000000003613e000 JavaThread "Active Reference Queue Daemon" daemon [_thread_blocked, id=2640, stack(0x000000003e1e0000,0x000000003e260000)]
  0x000000003613d800 JavaThread "Timer-6" daemon [_thread_blocked, id=9856, stack(0x000000003e610000,0x000000003e690000)]
  0x000000003613c800 JavaThread "RequestQueue for GenericFileList" [_thread_blocked, id=10512, stack(0x000000003e4c0000,0x000000003e540000)]
  0x000000003613c000 JavaThread "Timer-4" daemon [_thread_blocked, id=9552, stack(0x000000003e320000,0x000000003e3a0000)]
  0x0000000036139000 JavaThread "Prefs Updater" daemon [_thread_blocked, id=10396, stack(0x000000003e0b0000,0x000000003e130000)]
  0x0000000036cb1000 JavaThread "Timer-1" [_thread_blocked, id=9396, stack(0x000000003e160000,0x000000003e1e0000)]
  0x00000000366da800 JavaThread "FelixPackageAdmin" daemon [_thread_blocked, id=7416, stack(0x000000002b8a0000,0x000000002b920000)]
  0x00000000365b4000 JavaThread "FelixStartLevel" daemon [_thread_blocked, id=10152, stack(0x000000003c8d0000,0x000000003c950000)]
  0x00000000365b3800 JavaThread "FelixDispatchQueue" daemon [_thread_blocked, id=6276, stack(0x000000003c710000,0x000000003c790000)]
  0x0000000036021000 JavaThread "TimerQueue" daemon [_thread_blocked, id=10664, stack(0x000000000ff70000,0x000000000fff0000)]
  0x00000000360b7800 JavaThread "AWT-EventQueue-0" [_thread_blocked, id=9700, stack(0x000000002ce30000,0x000000002ceb0000)]
  0x00000000360b7000 JavaThread "AWT-Shutdown" [_thread_blocked, id=8520, stack(0x000000002a300000,0x000000002a380000)]
  0x0000000035dce800 JavaThread "com.google.common.base.internal.Finalizer" daemon [_thread_blocked, id=10704, stack(0x0000000010f70000,0x0000000010ff0000)]
  0x0000000035ed6000 JavaThread "AWT-Windows" daemon [_thread_in_native, id=2876, stack(0x000000002cec0000,0x000000002cf40000)]
  0x0000000035e23800 JavaThread "Java2D Disposer" daemon [_thread_blocked, id=9408, stack(0x000000002a260000,0x000000002a2e0000)]
  0x00000000357d3000 JavaThread "Timer-0" [_thread_blocked, id=9324, stack(0x000000000a810000,0x000000000a890000)]
  0x000000003582c000 JavaThread "JMI Unnamed Thread" [_thread_in_native, id=3508, stack(0x00000000092e0000,0x000000000a7e0000)]
  0x000000002fb9f800 JavaThread "Low Memory Detector" daemon [_thread_blocked, id=4764, stack(0x000000000bf50000,0x000000000bfd0000)]
  0x000000002fb9e000 JavaThread "CompilerThread1" daemon [_thread_blocked, id=8464, stack(0x00000000329c0000,0x0000000033ec0000)]
  0x000000002fb90800 JavaThread "CompilerThread0" daemon [_thread_blocked, id=7328, stack(0x0000000031320000,0x0000000032820000)]
  0x000000002fb8f800 JavaThread "Attach Listener" daemon [_thread_blocked, id=6844, stack(0x000000000a8c0000,0x000000000a940000)]
  0x000000000212c000 JavaThread "Finalizer" daemon [_thread_blocked, id=8744, stack(0x0000000007bd0000,0x0000000007c50000)]
  0x000000000212b000 JavaThread "Reference Handler" daemon [_thread_blocked, id=6972, stack(0x00000000091c0000,0x0000000009240000)]
=>0x00000000021df800 JavaThread "main" [_thread_in_native, id=7924, stack(0x0000000000090000,0x0000000001590000)]

Other Threads:
  0x000000002fb32800 VMThread [stack: 0x000000002fcd0000,0x00000000311d0000] [id=3624]
  0x000000002fbcb000 WatcherThread [stack: 0x00000000340b0000,0x00000000355b0000] [id=10824]

VM state:not at safepoint (normal execution)

VM Mutex/Monitor currently owned by a thread: None

Heap
 PSYoungGen      total 25984K, used 10450K [0x0000000027120000, 0x00000000294e0000, 0x000000002a220000)
  eden space 22400K, 30% used [0x0000000027120000,0x00000000277d65d0,0x0000000028700000)
  from space 3584K, 99% used [0x00000000287a0000,0x0000000028b1e2a0,0x0000000028b20000)
  to   space 7104K, 0% used [0x0000000028df0000,0x0000000028df0000,0x00000000294e0000)
 PSOldGen        total 69504K, used 58630K [0x000000001de20000, 0x0000000022200000, 0x0000000027120000)
  object space 69504K, 84% used [0x000000001de20000,0x0000000021761bf8,0x0000000022200000)
 PSPermGen       total 100096K, used 57943K [0x0000000015e20000, 0x000000001bfe0000, 0x000000001de20000)
  object space 100096K, 57% used [0x0000000015e20000,0x00000000196b5dd0,0x000000001bfe0000)

Dynamic libraries:
0x000000013f970000 - 0x000000013f999000 	C:\Program Files\MATLAB\R2011a\bin\win64\MATLAB.exe
0x0000000076e30000 - 0x0000000076fd9000 	C:\windows\SYSTEM32\ntdll.dll
0x0000000076750000 - 0x000000007686f000 	C:\windows\system32\kernel32.dll
0x000007fefd460000 - 0x000007fefd4cc000 	C:\windows\system32\KERNELBASE.dll
0x0000000074460000 - 0x0000000074569000 	C:\Program Files\MATLAB\R2011a\bin\win64\libut.dll
0x00000000758a0000 - 0x0000000075920000 	C:\Program Files\MATLAB\R2011a\bin\win64\libmwi18n.dll
0x0000000180000000 - 0x000000018000b000 	C:\Program Files\MATLAB\R2011a\bin\win64\libmwresource_core.dll
0x00000000617f0000 - 0x00000000618c3000 	C:\windows\WinSxS\amd64_microsoft.vc90.crt_1fc8b3b9a1e18e3b_9.0.30729.6161_none_08e61857a83bc251\MSVCP90.dll
0x0000000061740000 - 0x00000000617e3000 	C:\windows\WinSxS\amd64_microsoft.vc90.crt_1fc8b3b9a1e18e3b_9.0.30729.6161_none_08e61857a83bc251\MSVCR90.dll
0x000000007a3b0000 - 0x000000007a3c0000 	C:\Program Files\MATLAB\R2011a\bin\win64\boost_date_time-vc90-mt-1_40.dll
0x000000007a170000 - 0x000000007a189000 	C:\Program Files\MATLAB\R2011a\bin\win64\boost_filesystem-vc90-mt-1_40.dll
0x000000007a560000 - 0x000000007a569000 	C:\Program Files\MATLAB\R2011a\bin\win64\boost_system-vc90-mt-1_40.dll
0x000000007a2d0000 - 0x000000007a2e2000 	C:\Program Files\MATLAB\R2011a\bin\win64\boost_thread-vc90-mt-1_40.dll
0x000000007a010000 - 0x000000007a035000 	C:\Program Files\MATLAB\R2011a\bin\win64\LIBEXPAT.dll
0x00000000739d0000 - 0x0000000073b8c000 	C:\Program Files\MATLAB\R2011a\bin\win64\icuin42.dll
0x00000000740b0000 - 0x0000000074223000 	C:\Program Files\MATLAB\R2011a\bin\win64\icuuc42.dll
0x000007fefe090000 - 0x000007fefe16b000 	C:\windows\system32\ADVAPI32.dll
0x000007fefdef0000 - 0x000007fefdf8f000 	C:\windows\system32\msvcrt.dll
0x000007fefdca0000 - 0x000007fefdcbf000 	C:\windows\SYSTEM32\sechost.dll
0x000007fefd6d0000 - 0x000007fefd7fd000 	C:\windows\system32\RPCRT4.dll
0x0000000010000000 - 0x0000000010f47000 	C:\Program Files\MATLAB\R2011a\bin\win64\icudt42.dll
0x0000000073f70000 - 0x000000007407d000 	C:\Program Files\MATLAB\R2011a\bin\win64\libmwfl.dll
0x00000000017b0000 - 0x0000000001843000 	C:\Program Files\MATLAB\R2011a\bin\win64\libmwMATLAB_res.dll
0x000000007a250000 - 0x000000007a263000 	C:\Program Files\MATLAB\R2011a\bin\win64\boost_signals-vc90-mt-1_40.dll
0x0000000001850000 - 0x0000000001896000 	C:\Program Files\MATLAB\R2011a\bin\win64\tbb.dll
0x000007fefdc70000 - 0x000007fefdc87000 	C:\windows\system32\imagehlp.dll
0x0000000077000000 - 0x0000000077007000 	C:\windows\system32\PSAPI.DLL
0x000000007a3d0000 - 0x000000007a3e3000 	C:\Program Files\MATLAB\R2011a\bin\win64\icuio42.dll
0x000007fefb4f0000 - 0x000007fefb615000 	C:\windows\system32\dbghelp.dll
0x0000000076bd0000 - 0x0000000076cca000 	C:\windows\system32\USER32.dll
0x000007fefd660000 - 0x000007fefd6c7000 	C:\windows\system32\GDI32.dll
0x000007fefdc90000 - 0x000007fefdc9e000 	C:\windows\system32\LPK.dll
0x000007fefdfc0000 - 0x000007fefe089000 	C:\windows\system32\USP10.dll
0x000000007bed0000 - 0x000000007c0f5000 	C:\Program Files\MATLAB\R2011a\bin\win64\libmwservices.dll
0x0000000075a20000 - 0x0000000075ab2000 	C:\Program Files\MATLAB\R2011a\bin\win64\libmx.dll
0x000000007a210000 - 0x000000007a226000 	C:\Program Files\MATLAB\R2011a\bin\win64\zlib1.dll
0x0000000074330000 - 0x000000007444b000 	C:\Program Files\MATLAB\R2011a\bin\win64\libmwmathutil.dll
0x00000000616e0000 - 0x0000000061734000 	C:\Program Files\MATLAB\R2011a\bin\win64\mpath.dll
0x000000007b680000 - 0x000000007b982000 	C:\Program Files\MATLAB\R2011a\bin\win64\mlutil.dll
0x0000000061470000 - 0x00000000614f2000 	C:\Program Files\MATLAB\R2011a\bin\win64\xmlcore.dll
0x000000007bc30000 - 0x000000007be83000 	C:\Program Files\MATLAB\R2011a\bin\win64\xerces-c_2_7.dll
0x000007fefdcc0000 - 0x000007fefdd0d000 	C:\windows\system32\WS2_32.dll
0x000007feff130000 - 0x000007feff138000 	C:\windows\system32\NSI.dll
0x000007fefe1f0000 - 0x000007fefef78000 	C:\windows\system32\SHELL32.dll
0x000007fefe170000 - 0x000007fefe1e1000 	C:\windows\system32\SHLWAPI.dll
0x000007fef9640000 - 0x000007fef96e0000 	C:\windows\WinSxS\amd64_microsoft.windows.common-controls_6595b64144ccf1df_5.82.7601.17514_none_a4d6a923711520a9\COMCTL32.dll
0x000007feff090000 - 0x000007feff127000 	C:\windows\system32\COMDLG32.dll
0x000007fefab90000 - 0x000007fefaba6000 	C:\windows\system32\NETAPI32.dll
0x000007fefab80000 - 0x000007fefab8c000 	C:\windows\system32\netutils.dll
0x000007fefd060000 - 0x000007fefd083000 	C:\windows\system32\srvcli.dll
0x000007fefab60000 - 0x000007fefab75000 	C:\windows\system32\wkscli.dll
0x000007fefd8e0000 - 0x000007fefdae3000 	C:\windows\system32\ole32.dll
0x000007fefd800000 - 0x000007fefd8d7000 	C:\windows\system32\OLEAUT32.dll
0x0000000074970000 - 0x0000000074a34000 	C:\Program Files\MATLAB\R2011a\bin\win64\mcr.dll
0x0000000075000000 - 0x00000000750e4000 	C:\Program Files\MATLAB\R2011a\bin\win64\iqm.dll
0x0000000060760000 - 0x0000000060efc000 	C:\Program Files\MATLAB\R2011a\bin\win64\m_interpreter.dll
0x000000006ae40000 - 0x000000006ae4f000 	C:\Program Files\MATLAB\R2011a\bin\win64\libmex.dll
0x00000000613c0000 - 0x0000000061464000 	C:\Program Files\MATLAB\R2011a\bin\win64\m_dispatcher.dll
0x0000000074880000 - 0x0000000074945000 	C:\Program Files\MATLAB\R2011a\bin\win64\boost_regex-vc90-mt-1_40.dll
0x0000000061340000 - 0x00000000613bf000 	C:\Program Files\MATLAB\R2011a\bin\win64\profiler.dll
0x0000000079f40000 - 0x0000000079f6c000 	C:\Program Files\MATLAB\R2011a\bin\win64\libmwmathrng.dll
0x00000000690c0000 - 0x00000000690e0000 	C:\Program Files\MATLAB\R2011a\bin\win64\m_pcodeio.dll
0x0000000079b10000 - 0x0000000079b71000 	C:\Program Files\MATLAB\R2011a\bin\win64\m_ir.dll
0x000000005c770000 - 0x000000005cdab000 	C:\Program Files\MATLAB\R2011a\bin\win64\m_parser.dll
0x0000000068fa0000 - 0x0000000068fb9000 	C:\Program Files\MATLAB\R2011a\bin\win64\ir_xfmr.dll
0x0000000060510000 - 0x000000006075b000 	C:\Program Files\MATLAB\R2011a\bin\win64\mcos.dll
0x0000000069d70000 - 0x0000000069d7c000 	C:\Program Files\MATLAB\R2011a\bin\win64\mtok.dll
0x00000000616b0000 - 0x00000000616db000 	C:\Program Files\MATLAB\R2011a\bin\win64\m_pcodegen.dll
0x0000000076160000 - 0x00000000761c2000 	C:\Program Files\MATLAB\R2011a\bin\win64\libmwspmatrix.dll
0x0000000079fb0000 - 0x0000000079fde000 	C:\Program Files\MATLAB\R2011a\bin\win64\libmwbridge.dll
0x0000000061280000 - 0x0000000061339000 	C:\Program Files\MATLAB\R2011a\bin\win64\udd.dll
0x000000005f7b0000 - 0x000000005f8f1000 	C:\Program Files\MATLAB\R2011a\bin\win64\libmwgui.dll
0x0000000068b10000 - 0x0000000068b27000 	C:\Program Files\MATLAB\R2011a\bin\win64\graphics_util.dll
0x000000005bef0000 - 0x000000005c770000 	C:\Program Files\MATLAB\R2011a\bin\win64\hg.dll
0x0000000076100000 - 0x000000007614f000 	C:\Program Files\MATLAB\R2011a\bin\win64\libmat.dll
0x0000000072d30000 - 0x0000000072f33000 	C:\Program Files\MATLAB\R2011a\bin\win64\libhdf5.dll
0x0000000061200000 - 0x000000006127b000 	C:\Program Files\MATLAB\R2011a\bin\win64\jmi.dll
0x0000000001a90000 - 0x0000000001a9e000 	C:\Program Files\MATLAB\R2011a\bin\win64\nativejava_services.dll
0x00000000611c0000 - 0x00000000611fc000 	C:\Program Files\MATLAB\R2011a\bin\win64\libmwhardcopy.dll
0x00000000604b0000 - 0x0000000060508000 	C:\Program Files\MATLAB\R2011a\bin\win64\libuij.dll
0x000000005f5c0000 - 0x000000005f7a3000 	C:\Program Files\MATLAB\R2011a\bin\win64\hgdatatypes.dll
0x000000005f500000 - 0x000000005f5bc000 	C:\Program Files\MATLAB\R2011a\bin\win64\hgutils.dll
0x0000000060430000 - 0x00000000604ac000 	C:\Program Files\MATLAB\R2011a\bin\win64\libmwlapack.dll
0x00000000611a0000 - 0x00000000611b2000 	C:\Program Files\MATLAB\R2011a\bin\win64\libmwbinder.dll
0x0000000069d30000 - 0x0000000069d3b000 	C:\Program Files\MATLAB\R2011a\bin\win64\libmwompwrapper.dll
0x0000000001b20000 - 0x0000000001de4000 	C:\Program Files\MATLAB\R2011a\bin\win64\uiw.dll
0x0000000068f40000 - 0x0000000068f4a000 	C:\Program Files\MATLAB\R2011a\bin\win64\uinone.dll
0x000000005a200000 - 0x000000005a6e4000 	C:\windows\WinSxS\amd64_microsoft.vc90.mfc_1fc8b3b9a1e18e3b_9.0.30729.6161_none_044aad0bab1eb146\mfc90.dll
0x000007fef5ed0000 - 0x000007fef5ed7000 	C:\windows\system32\MSIMG32.dll
0x000007fef95c0000 - 0x000007fef9631000 	C:\windows\system32\WINSPOOL.DRV
0x000000005f450000 - 0x000000005f4f9000 	C:\Program Files\MATLAB\R2011a\bin\win64\udd_mi.dll
0x0000000060410000 - 0x000000006042b000 	C:\Program Files\MATLAB\R2011a\bin\win64\mwoles05.DLL
0x000000005f3e0000 - 0x000000005f44e000 	C:\Program Files\MATLAB\R2011a\bin\win64\comcli.dll
0x000000005f3b0000 - 0x000000005f3df000 	C:\windows\WinSxS\amd64_microsoft.vc90.atl_1fc8b3b9a1e18e3b_9.0.30729.6161_none_0a1fd3a3a768b895\ATL90.DLL
0x00000000616a0000 - 0x00000000616ac000 	C:\Program Files\MATLAB\R2011a\bin\win64\mlautoregister.dll
0x0000000001e50000 - 0x0000000001e5d000 	C:\Program Files\MATLAB\R2011a\bin\win64\boost_iostreams-vc90-mt-1_40.dll
0x000007fefdf90000 - 0x000007fefdfbe000 	C:\windows\system32\IMM32.DLL
0x000007fefef80000 - 0x000007feff089000 	C:\windows\system32\MSCTF.dll
0x000007fefb240000 - 0x000007fefb296000 	C:\windows\system32\UxTheme.dll
0x000007fefae60000 - 0x000007fefae78000 	C:\windows\system32\dwmapi.dll
0x0000000060400000 - 0x000000006040d000 	C:\windows\WinSxS\amd64_microsoft.vc90.mfcloc_1fc8b3b9a1e18e3b_9.0.30729.6161_none_01c9581e60cbee58\MFC90ENU.DLL
0x000007fefd290000 - 0x000007fefd29f000 	C:\windows\system32\profapi.dll
0x000007fefd1c0000 - 0x000007fefd1cf000 	C:\windows\system32\CRYPTBASE.dll
0x000007fefb2f0000 - 0x000007fefb4e4000 	C:\windows\WinSxS\amd64_microsoft.windows.common-controls_6595b64144ccf1df_6.0.7601.17514_none_fa396087175ac9ac\comctl32.dll
0x000007fefdd10000 - 0x000007fefdee7000 	C:\windows\system32\SETUPAPI.dll
0x000007fefd380000 - 0x000007fefd3b6000 	C:\windows\system32\CFGMGR32.dll
0x000007fefd640000 - 0x000007fefd65a000 	C:\windows\system32\DEVOBJ.dll
0x000007fefdb70000 - 0x000007fefdc09000 	C:\windows\system32\CLBCatQ.DLL
0x000007fefbcb0000 - 0x000007fefbddc000 	C:\windows\system32\propsys.dll
0x000007fefba90000 - 0x000007fefbabd000 	C:\windows\system32\ntmarta.dll
0x000007fefdc10000 - 0x000007fefdc62000 	C:\windows\system32\WLDAP32.dll
0x0000000002240000 - 0x0000000002269000 	C:\Program Files\MATLAB\R2011a\bin\win64\tbbmalloc.dll
0x000007fefb760000 - 0x000007fefb787000 	C:\windows\system32\iphlpapi.dll
0x000007fefb750000 - 0x000007fefb75b000 	C:\windows\system32\WINNSI.DLL
0x000007fefc940000 - 0x000007fefc99b000 	C:\windows\system32\DNSAPI.dll
0x000007fef9e40000 - 0x000007fef9e58000 	C:\windows\system32\dhcpcsvc.DLL
0x000007fef9e20000 - 0x000007fef9e31000 	C:\windows\system32\dhcpcsvc6.DLL
0x0000000061190000 - 0x0000000061193000 	C:\windows\system32\icmp.Dll
0x0000000078870000 - 0x0000000078ecd000 	C:\Program Files\MATLAB\R2011a\sys\java\jre\win64\jre\bin\server\jvm.dll
0x000007fefbb90000 - 0x000007fefbbcb000 	C:\windows\system32\WINMM.dll
0x000000007a440000 - 0x000000007a44e000 	C:\Program Files\MATLAB\R2011a\sys\java\jre\win64\jre\bin\verify.dll
0x000000007a070000 - 0x000000007a097000 	C:\Program Files\MATLAB\R2011a\sys\java\jre\win64\jre\bin\java.dll
0x000000007a540000 - 0x000000007a54a000 	C:\Program Files\MATLAB\R2011a\sys\java\jre\win64\jre\bin\hpi.dll
0x000000007a370000 - 0x000000007a382000 	C:\Program Files\MATLAB\R2011a\sys\java\jre\win64\jre\bin\zip.dll
0x0000000075b90000 - 0x0000000075bfb000 	C:\Program Files\MATLAB\R2011a\sys\java\jre\win64\jre\bin\fontmanager.dll
0x0000000073150000 - 0x0000000073311000 	C:\Program Files\MATLAB\R2011a\sys\java\jre\win64\jre\bin\awt.dll
0x0000000079cf0000 - 0x0000000079d36000 	C:\Program Files\MATLAB\R2011a\bin\win64\nativejmi.dll
0x000000007a600000 - 0x000000007a608000 	C:\Program Files\MATLAB\R2011a\bin\win64\nativeservices.dll

VM Arguments:
jvm_args: -Xss512k -XX:PermSize=32m -Xms64m -XX:NewRatio=3 -XX:MaxPermSize=128m -Xmx196m -XX:MaxDirectMemorySize=2147400000 -Dsun.java2d.noddraw=true -Dsun.awt.nopixfmt=true -Xshare:off -Xrs -Dsun.awt.disableMixing=true -Djava.library.path=C:\Program Files\MATLAB\R2011a\bin\win64 vfprintf abort 
java_command: <unknown>
Launcher Type: generic

Environment Variables:
PATH=C:\Program Files (x86)\NVIDIA Corporation\PhysX\Common;C:\Program Files\Common Files\Microsoft Shared\Windows Live;C:\Program Files (x86)\Common Files\Microsoft Shared\Windows Live;C:\windows\system32;C:\windows;C:\windows\System32\Wbem;C:\windows\System32\WindowsPowerShell\v1.0\;C:\Program Files\Intel\WiFi\bin\;C:\Program Files\Common Files\Intel\WirelessCommon\;c:\Program Files (x86)\Common Files\Roxio Shared\DLLShared\;c:\Program Files (x86)\Common Files\Roxio Shared\OEM\DLLShared\;c:\Program Files (x86)\Common Files\Roxio Shared\OEM\DLLShared\;c:\Program Files (x86)\Common Files\Roxio Shared\OEM\12.0\DLLShared\;c:\Program Files (x86)\Roxio\OEM\AudioCore\;C:\Program Files (x86)\Windows Live\Shared;C:\Program Files\MATLAB\R2011a\runtime\win64;C:\Program Files\MATLAB\R2011a\bin
USERNAME=Ken
OS=Windows_NT
PROCESSOR_IDENTIFIER=Intel64 Family 6 Model 42 Stepping 7, GenuineIntel



---------------  S Y S T E M  ---------------

OS: Windows 7 Build 7601 Service Pack 1

CPU:total 4 (8 cores per cpu, 2 threads per core) family 6 model 42 stepping 7, cmov, cx8, fxsr, mmx, sse, sse2, sse3, ssse3, sse4.1, sse4.2, ht

Memory: 4k page, physical 4099252k(1053088k free), swap 8196656k(3351072k free)

vm_info: Java HotSpot(TM) 64-Bit Server VM (14.3-b01) for windows-amd64 JRE (1.6.0_17-b04), built on Oct 11 2009 00:46:08 by "java_re" with MS VC++ 8.0

time: Tue Jan 17 15:49:09 2012
elapsed time: 367 seconds

